Traceback (most recent call last):
  File "D:/GitHub/21_staduy_python/13.python文件操作/文件和流/stderr记录输出异常信息.py", line 16, in <module>
    raise Exception(t + ' 异常信息')
Exception: 2019-07-20 11:50:58 异常信息
Traceback (most recent call last):
  File "D:/GitHub/21_staduy_python/13.python浠舵浣/浠跺娴/stderr璁板杈哄甯镐俊.py", line 16, in <module>
    raise Exception(t + ' 寮甯镐俊')
Exception: 2019-07-20 11:51:23 寮甯镐俊
2019-07-23 09:43:26 hujianli0001
hujianli0002
hujianli0003
hujianli0004
hujianli0005
hujianli0006
hujianli0007Traceback (most recent call last):
  File "D:/GitHub/21_staduy_python/13.python浠舵浣/浠跺娴/stderr璁板杈哄甯镐俊.py", line 10, in <module>
    f = open(r"./hell.txt", "r")
FileNotFoundError: [Errno 2] No such file or directory: './hell.txt'
Traceback (most recent call last):
  File "D:/GitHub/21_staduy_python/13.python浠舵浣/浠跺娴/stderr璁板杈哄甯镐俊.py", line 16, in <module>
    raise Exception(t + ' 寮甯镐俊')
Exception: 2019-07-23 09:45:47 寮甯镐俊
2019-07-23 09:46:10 hujianli0001
hujianli0002
hujianli0003
hujianli0004
hujianli0005
hujianli0006
hujianli0007